
--- Error during rendering ---
Traceback (most recent call last):
  File "C:\Users\gabri\APP\YAMLSLIDE\src\generator.py", line 69, in generate_presentation
    output_html = template.render(
                  ^^^^^^^^^^^^^^^^
  File "C:\Users\gabri\AppData\Local\Programs\Python\Python311\Lib\site-packages\jinja2\environment.py", line 1295, in render
    self.environment.handle_exception()
  File "C:\Users\gabri\AppData\Local\Programs\Python\Python311\Lib\site-packages\jinja2\environment.py", line 942, in handle_exception
    raise rewrite_traceback_stack(source=source)
  File "templates\index.html", line 1, in top-level template code
    {% extends 'base.html' %}
  File "C:\Users\gabri\AppData\Local\Programs\Python\Python311\Lib\site-packages\jinja2\loaders.py", line 209, in get_source
    raise TemplateNotFound(
jinja2.exceptions.TemplateNotFound: 'base.html' not found in search path: '.'

--- Error during rendering ---
Traceback (most recent call last):
  File "C:\Users\gabri\APP\YAMLSLIDE\src\generator.py", line 69, in generate_presentation
    output_html = template.render(
                  ^^^^^^^^^^^^^^^^
  File "C:\Users\gabri\AppData\Local\Programs\Python\Python311\Lib\site-packages\jinja2\environment.py", line 1295, in render
    self.environment.handle_exception()
  File "C:\Users\gabri\AppData\Local\Programs\Python\Python311\Lib\site-packages\jinja2\environment.py", line 942, in handle_exception
    raise rewrite_traceback_stack(source=source)
  File "templates\index.html", line 1, in top-level template code
    {% extends 'base.html' %}
  File "C:\Users\gabri\AppData\Local\Programs\Python\Python311\Lib\site-packages\jinja2\loaders.py", line 209, in get_source
    raise TemplateNotFound(
jinja2.exceptions.TemplateNotFound: 'base.html' not found in search path: '.'

--- Error during rendering ---
Traceback (most recent call last):
  File "C:\Users\gabri\APP\YAMLSLIDE\src\generator.py", line 69, in generate_presentation
    output_html = template.render(
                  ^^^^^^^^^^^^^^^^
  File "C:\Users\gabri\AppData\Local\Programs\Python\Python311\Lib\site-packages\jinja2\environment.py", line 1295, in render
    self.environment.handle_exception()
  File "C:\Users\gabri\AppData\Local\Programs\Python\Python311\Lib\site-packages\jinja2\environment.py", line 942, in handle_exception
    raise rewrite_traceback_stack(source=source)
  File "templates\index.html", line 1, in top-level template code
    {% extends 'templates/base.html' %}
    ^^^^^^^^^^^^^^^^^^^^^^^^^
  File "templates\base.html", line 13, in top-level template code
    {% block content %}{% endblock %}
    ^^^^^^^^^^^^^^^^^^^^^^^^^
  File "templates\index.html", line 5, in block 'content'
    {% include 'templates/slides/' ~ slide.type ~ '.html' ignore missing %}
    ^^^^^^^^^^^^^^^^^^^^^^^^^
  File "templates\slides\hero.html", line 1, in top-level template code
    <div class="slide {% if loop.first %}active{% endif %} text-center justify-center">
    ^^^^^^^^^^^^^^^^^^^^^^^^^
  File "C:\Users\gabri\AppData\Local\Programs\Python\Python311\Lib\site-packages\jinja2\environment.py", line 490, in getattr
    return getattr(obj, attribute)
           ^^^^^^^^^^^^^^^^^^^^^^^
jinja2.exceptions.UndefinedError: 'loop' is undefined

--- Error during rendering ---
Traceback (most recent call last):
  File "C:\Users\gabri\APP\Studio\YAMLSLIDE\src\generator.py", line 142, in generate_presentation
    output_html = template.render(
                  ^^^^^^^^^^^^^^^^
  File "C:\Users\gabri\AppData\Local\Programs\Python\Python311\Lib\site-packages\jinja2\environment.py", line 1295, in render
    self.environment.handle_exception()
  File "C:\Users\gabri\AppData\Local\Programs\Python\Python311\Lib\site-packages\jinja2\environment.py", line 942, in handle_exception
    raise rewrite_traceback_stack(source=source)
  File "templates\universal.html", line 57, in top-level template code
    {{ atoms.render_card(card) }}
    ^^^^^^^^^^^^^^^^^^^^^^^^^
  File "C:\Users\gabri\AppData\Local\Programs\Python\Python311\Lib\site-packages\jinja2\runtime.py", line 784, in _invoke
    rv = self._func(*arguments)
         ^^^^^^^^^^^^^^^^^^^^^^
  File "templates\macros\atoms.html", line 45, in template
    {% for item in card.items %}
    ^^^^^^^^^^^^^^^^^^^^^^^^^
TypeError: 'builtin_function_or_method' object is not iterable

--- Error during rendering ---
Traceback (most recent call last):
  File "C:\Users\gabri\APP\Studio\YAMLSLIDE\src\generator.py", line 142, in generate_presentation
    output_html = template.render(
                  ^^^^^^^^^^^^^^^^
  File "C:\Users\gabri\AppData\Local\Programs\Python\Python311\Lib\site-packages\jinja2\environment.py", line 1295, in render
    self.environment.handle_exception()
  File "C:\Users\gabri\AppData\Local\Programs\Python\Python311\Lib\site-packages\jinja2\environment.py", line 942, in handle_exception
    raise rewrite_traceback_stack(source=source)
  File "templates\universal.html", line 58, in top-level template code
    {{ atoms.render_card(card) }}
    ^^^^^^^^^^^^^^^^^^^^^^^^^
  File "C:\Users\gabri\AppData\Local\Programs\Python\Python311\Lib\site-packages\jinja2\runtime.py", line 784, in _invoke
    rv = self._func(*arguments)
         ^^^^^^^^^^^^^^^^^^^^^^
  File "templates\macros\atoms.html", line 45, in template
    {% for item in card.items %}
    ^^^^^^^^^^^^^^^^^^^^^^^^^
TypeError: 'builtin_function_or_method' object is not iterable

--- Error during rendering ---
Traceback (most recent call last):
  File "C:\Users\gabri\APP\Studio\YAMLSLIDE\src\generator.py", line 142, in generate_presentation
    output_html = template.render(
                  ^^^^^^^^^^^^^^^^
  File "C:\Users\gabri\AppData\Local\Programs\Python\Python311\Lib\site-packages\jinja2\environment.py", line 1295, in render
    self.environment.handle_exception()
  File "C:\Users\gabri\AppData\Local\Programs\Python\Python311\Lib\site-packages\jinja2\environment.py", line 942, in handle_exception
    raise rewrite_traceback_stack(source=source)
  File "templates\universal.html", line 58, in top-level template code
    {{ atoms.render_card(card) }}
    ^^^^^^^^^^^^^^^^^^^^^^^^^
  File "C:\Users\gabri\AppData\Local\Programs\Python\Python311\Lib\site-packages\jinja2\runtime.py", line 784, in _invoke
    rv = self._func(*arguments)
         ^^^^^^^^^^^^^^^^^^^^^^
  File "templates\macros\atoms.html", line 45, in template
    {% for item in card['items'] %}
    ^^^^^^^^^^^^^^^^^^^^^^^^^
TypeError: 'builtin_function_or_method' object is not iterable

--- Error during rendering ---
Traceback (most recent call last):
  File "C:\Users\gabri\APP\Studio\YAMLSLIDE\src\generator.py", line 142, in generate_presentation
    output_html = template.render(
                  ^^^^^^^^^^^^^^^^
  File "C:\Users\gabri\AppData\Local\Programs\Python\Python311\Lib\site-packages\jinja2\environment.py", line 1295, in render
    self.environment.handle_exception()
  File "C:\Users\gabri\AppData\Local\Programs\Python\Python311\Lib\site-packages\jinja2\environment.py", line 942, in handle_exception
    raise rewrite_traceback_stack(source=source)
  File "templates\universal.html", line 58, in top-level template code
    {{ atoms.render_card(card) }}
    ^^^^^^^^^^^^^^^^^^^^^^^^^
  File "C:\Users\gabri\AppData\Local\Programs\Python\Python311\Lib\site-packages\jinja2\runtime.py", line 784, in _invoke
    rv = self._func(*arguments)
         ^^^^^^^^^^^^^^^^^^^^^^
  File "templates\macros\atoms.html", line 45, in template
    {% for item in card['items'] %}
    ^^^^^^^^^^^^^^^^^^^^^^^^^
TypeError: 'builtin_function_or_method' object is not iterable
